  Source.cpp
e:\учёба\zaawansowane języki programowania\mario1\project1\project1\source.cpp(57): warning C4305: =: усечение из "double" в "float"
e:\учёба\zaawansowane języki programowania\mario1\project1\project1\source.cpp(69): warning C4244: =: преобразование "double" в "float", возможна потеря данных
e:\учёба\zaawansowane języki programowania\mario1\project1\project1\source.cpp(75): warning C4244: +=: преобразование "double" в "float", возможна потеря данных
e:\учёба\zaawansowane języki programowania\mario1\project1\project1\source.cpp(93): warning C4244: инициализация: преобразование "T" в "int", возможна потеря данных
          with
          [
              T=float
          ]
e:\учёба\zaawansowane języki programowania\mario1\project1\project1\source.cpp(94): warning C4244: инициализация: преобразование "T" в "int", возможна потеря данных
          with
          [
              T=float
          ]
e:\учёба\zaawansowane języki programowania\mario1\project1\project1\source.cpp(104): warning C4244: =: преобразование "int" в "T", возможна потеря данных
          with
          [
              T=float
          ]
e:\учёба\zaawansowane języki programowania\mario1\project1\project1\source.cpp(112): warning C4244: =: преобразование "int" в "T", возможна потеря данных
          with
          [
              T=float
          ]
e:\учёба\zaawansowane języki programowania\mario1\project1\project1\source.cpp(141): warning C4244: аргумент: преобразование "int" в "T", возможна потеря данных
          with
          [
              T=float
          ]
e:\учёба\zaawansowane języki programowania\mario1\project1\project1\source.cpp(143): warning C4305: =: усечение из "double" в "float"
e:\учёба\zaawansowane języki programowania\mario1\project1\project1\source.cpp(155): warning C4244: +=: преобразование "double" в "float", возможна потеря данных
e:\учёба\zaawansowane języki programowania\mario1\project1\project1\source.cpp(171): warning C4244: инициализация: преобразование "T" в "int", возможна потеря данных
          with
          [
              T=float
          ]
e:\учёба\zaawansowane języki programowania\mario1\project1\project1\source.cpp(172): warning C4244: инициализация: преобразование "T" в "int", возможна потеря данных
          with
          [
              T=float
          ]
e:\учёба\zaawansowane języki programowania\mario1\project1\project1\source.cpp(181): warning C4244: =: преобразование "int" в "T", возможна потеря данных
          with
          [
              T=float
          ]
e:\учёба\zaawansowane języki programowania\mario1\project1\project1\source.cpp(220): warning C4244: инициализация: преобразование "sf::Int64" в "float", возможна потеря данных
e:\учёба\zaawansowane języki programowania\mario1\project1\project1\source.cpp(236): warning C4305: =: усечение из "double" в "float"
e:\учёба\zaawansowane języki programowania\mario1\project1\project1\source.cpp(238): warning C4305: =: усечение из "double" в "float"
e:\учёба\zaawansowane języki programowania\mario1\project1\project1\source.cpp(240): warning C4305: =: усечение из "double" в "float"
e:\учёба\zaawansowane języki programowania\mario1\project1\project1\source.cpp(254): warning C4305: =: усечение из "double" в "float"
  Project1.vcxproj -> E:\Учёба\Zaawansowane języki programowania\Mario1\Project1\Debug\Project1.exe
